Nov 04 09:19 : errno: Failed to open /home/mimiflynn/.local/share/mpd/mpd.state: No such file or directory
Nov 04 09:19 : update: added KevinDrew/18-WhenItBegins.mp3
Nov 04 09:19 : update: added KevinDrew/10-Superconnected.mp3
Nov 04 09:19 : update: added KevinDrew/12-FarewellToThePressureKids.mp3
Nov 04 09:19 : update: added KevinDrew/01 - Introduction.mp3
Nov 04 09:19 : update: added KevinDrew/15-FeelThePaindinosaurJr.Cover.mp3
Nov 04 09:19 : update: added KevinDrew/11-HardToFindamericanAnalogSetAndrewKennySinging.mp3
Nov 04 09:19 : update: added KevinDrew/19-PostShowInterview.mp3
Nov 04 09:19 : update: added KevinDrew/04 - Fucked Up Kid.mp3
Nov 04 09:19 : update: added KevinDrew/07 - Stars and Sons.mp3
Nov 04 09:19 : update: added KevinDrew/16-LoversSpit.mp3
Nov 04 09:19 : update: added KevinDrew/17-ItsAllGonnaBreak.mp3
Nov 04 09:19 : update: added KevinDrew/06 - Tbtf.mp3
Nov 04 09:19 : update: added KevinDrew/08 - Frightening Lives.mp3
Nov 04 09:19 : update: added KevinDrew/02 - Lucky Ones.mp3
Nov 04 09:19 : update: added KevinDrew/13-MajorLabelDebutfast.mp3
Nov 04 09:19 : update: added KevinDrew/09 - Backed Out On The ....mp3
Nov 04 09:19 : update: added KevinDrew/14-KennelDistrictpavementCover.mp3
Nov 04 09:19 : update: added KevinDrew/05-SafetyBricks.mp3
Nov 04 09:19 : update: added KevinDrew/03 - Cause = Time.mp3
Nov 04 09:19 : update: added AndrewBird/abird2005-05-01t12.flac
Nov 04 09:19 : update: added AndrewBird/abird2005-05-01t05.flac
Nov 04 09:19 : update: added AndrewBird/abird2005-05-01t08.flac
Nov 04 09:19 : update: added AndrewBird/abird2005-05-01t13.flac
Nov 04 09:19 : update: added AndrewBird/abird2005-05-01t07.flac
Nov 04 09:19 : update: added AndrewBird/abird2005-05-01t02.flac
Nov 04 09:19 : update: added AndrewBird/abird2005-05-01t04.flac
Nov 04 09:19 : update: added AndrewBird/abird2005-05-01t06.flac
Nov 04 09:19 : update: added AndrewBird/abird2005-05-01t11.flac
Nov 04 09:19 : update: added AndrewBird/abird2005-05-01t03.flac
Nov 04 09:19 : update: added AndrewBird/abird2005-05-01t01.flac
Nov 04 09:19 : update: added AndrewBird/abird2005-05-01t10.flac
Nov 04 09:19 : update: added AndrewBird/abird2005-05-01t09.flac
Nov 04 09:19 : update: added Getz/10 Corcovado.mp3
Nov 04 09:19 : update: added Getz/01 The Girl From Ipanema.mp3
Nov 04 09:19 : update: added Getz/06 So Danco Samba.mp3
Nov 04 09:19 : update: added Getz/08 Vivo Sonhando.mp3
Nov 04 09:19 : update: added Getz/09 The Girl From Ipanema.mp3
Nov 04 09:19 : update: added Getz/04 Desafinado.mp3
Nov 04 09:19 : update: added Getz/03 Para Machuchar Meu Coração.mp3
Nov 04 09:19 : update: added Getz/02 Doralice.mp3
Nov 04 09:19 : update: added Getz/05 Corcovado.mp3
Nov 04 09:19 : update: added Getz/07 O Grande Amor.mp3
Nov 04 09:19 : avahi: Service name collision, renaming service to 'Music Player #2'
Nov 04 09:19 : avahi: Service 'Music Player #2' successfully established.
Nov 04 09:19 : avahi: Service name collision, renaming service to 'Music Player #2'
Nov 04 09:19 : avahi: Service 'Music Player #2' successfully established.
